"Severity","ThreadID","Date","Time","Application","Message"
"ERROR","ajp-nio-127.0.0.1-8009-exec-10","09/11/2023","18:46:52","","java.lang.StackOverflowError;java.lang.StackOverflowError;lucee.runtime.exp.NativeException: java.lang.StackOverflowError
	at java.base/java.lang.StackTraceElement.initStackTraceElements(Native Method)
	at java.base/java.lang.StackTraceElement.of(Unknown Source)
	at java.base/java.lang.Throwable.getOurStackTrace(Unknown Source)
	at java.base/java.lang.Throwable.getStackTrace(Unknown Source)
	at lucee.runtime.exp.PageExceptionImpl.<init>(PageExceptionImpl.java:125)
	at lucee.runtime.exp.NativeException.<init>(NativeException.java:45)
	at lucee.runtime.exp.NativeException.newInstance(NativeException.java:67)
	at lucee.runtime.op.Caster.toPageException(Caster.java:3321)
	at lucee.runtime.op.Caster.toPageException(Caster.java:3281)
	at lucee.runtime.PageContextImpl._doInclude(PageContextImpl.java:1038)
	at lucee.runtime.PageContextImpl._doInclude(PageContextImpl.java:926)
	at lucee.runtime.PageContextImpl.doInclude(PageContextImpl.java:907)
	at login_cfm$cf$8w.call(/login.cfm:1)
	at lucee.runtime.PageContextImpl._doInclude(PageContextImpl.java:1034)
	at lucee.runtime.PageContextImpl._doInclude(PageContextImpl.java:926)
	at lucee.runtime.PageContextImpl.doInclude(PageContextImpl.java:907)
	at index_cfm$cf$8v.call(/index.cfm:18)
	at lucee.runtime.PageContextImpl._doInclude(PageContextImpl.java:1034)
	at lucee.runtime.PageContextImpl._doInclude(PageContextImpl.java:926)
	at lucee.runtime.PageContextImpl.doInclude(PageContextImpl.java:907)
	at login_cfm$cf$8w.call(/login.cfm:1)
	at lucee.runtime.PageContextImpl._doInclude(PageContextImpl.java:1034)
	at lucee.runtime.PageContextImpl._doInclude(PageContextImpl.java:926)
	at lucee.runtime.PageContextImpl.doInclude(PageContextImpl.java:907)
	at index_cfm$cf$8v.call(/index.cfm:18)
	at lucee.runtime.PageContextImpl._doInclude(PageContextImpl.java:1034)
	at lucee.runtime.PageContextImpl._doInclude(PageContextImpl.java:926)
	at lucee.runtime.PageContextImpl.doInclude(PageContextImpl.java:907)
	at login_cfm$cf$8w.call(/login.cfm:1)
	at lucee.runtime.PageContextImpl._doInclude(PageContextImpl.java:1034)
	at lucee.runtime.PageContextImpl._doInclude(PageContextImpl.java:926)
	at lucee.runtime.PageContextImpl.doInclude(PageContextImpl.java:907)
	at index_cfm$cf$8v.call(/index.cfm:18)
	at lucee.runtime.PageContextImpl._doInclude(PageContextImpl.java:1034)
	at lucee.runtime.PageContextImpl._doInclude(PageContextImpl.java:926)
	at lucee.runtime.PageContextImpl.doInclude(PageContextImpl.java:907)
	at login_cfm$cf$8w.call(/login.cfm:1)
	at lucee.runtime.PageContextImpl._doInclude(PageContextImpl.java:1034)
	at lucee.runtime.PageContextImpl._doInclude(PageContextImpl.java:926)
	at lucee.runtime.PageContextImpl.doInclude(PageContextImpl.java:907)
	at index_cfm$cf$8v.call(/index.cfm:18)
	at lucee.runtime.PageContextImpl._doInclude(PageContextImpl.java:1034)
	at lucee.runtime.PageContextImpl._doInclude(PageContextImpl.java:926)
	at lucee.runtime.PageContextImpl.doInclude(PageContextImpl.java:907)
	at login_cfm$cf$8w.call(/login.cfm:1)
	at lucee.runtime.PageContextImpl._doInclude(PageContextImpl.java:1034)
	at lucee.runtime.PageContextImpl._doInclude(PageContextImpl.java:926)
	at lucee.runtime.PageContextImpl.doInclude(PageContextImpl.java:907)
	at index_cfm$cf$8v.call(/index.cfm:18)
	at lucee.runtime.PageContextImpl._doInclude(PageContextImpl.java:1034)
	at lucee.runtime.PageContextImpl._doInclude(PageContextImpl.java:926)
	at lucee.runtime.PageContextImpl.doInclude(PageContextImpl.java:907)
	at login_cfm$cf$8w.call(/login.cfm:1)
	at lucee.runtime.PageContextImpl._doInclude(PageContextImpl.java:1034)
	at lucee.runtime.PageContextImpl._doInclude(PageContextImpl.java:926)
	at lucee.runtime.PageContextImpl.doInclude(PageContextImpl.java:907)
	at index_cfm$cf$8v.call(/index.cfm:18)
	at lucee.runtime.PageContextImpl._doInclude(PageContextImpl.java:1034)
	at lucee.runtime.PageContextImpl._doInclude(PageContextImpl.java:926)
	at lucee.runtime.PageContextImpl.doInclude(PageContextImpl.java:907)
	at login_cfm$cf$8w.call(/login.cfm:1)
	at lucee.runtime.PageContextImpl._doInclude(PageContextImpl.java:1034)
	at lucee.runtime.PageContextImpl._doInclude(PageContextImpl.java:926)
	at lucee.runtime.PageContextImpl.doInclude(PageContextImpl.java:907)
	at index_cfm$cf$8v.call(/index.cfm:18)
	at lucee.runtime.PageContextImpl._doInclude(PageContextImpl.java:1034)
	at lucee.runtime.PageContextImpl._doInclude(PageContextImpl.java:926)
	at lucee.runtime.PageContextImpl.doInclude(PageContextImpl.java:907)
	at login_cfm$cf$8w.call(/login.cfm:1)
	at lucee.runtime.PageContextImpl._doInclude(PageContextImpl.java:1034)
	at lucee.runtime.PageContextImpl._doInclude(PageContextImpl.java:926)
	at lucee.runtime.PageContextImpl.doInclude(PageContextImpl.java:907)
	at index_cfm$cf$8v.call(/index.cfm:18)
	at lucee.runtime.PageContextImpl._doInclude(PageContextImpl.java:1034)
	at lucee.runtime.PageContextImpl._doInclude(PageContextImpl.java:926)
	at lucee.runtime.PageContextImpl.doInclude(PageContextImpl.java:907)
	at login_cfm$cf$8w.call(/login.cfm:1)
	at lucee.runtime.PageContextImpl._doInclude(PageContextImpl.java:1034)
	at lucee.runtime.PageContextImpl._doInclude(PageContextImpl.java:926)
	at lucee.runtime.PageContextImpl.doInclude(PageContextImpl.java:907)
	at index_cfm$cf$8v.call(/index.cfm:18)
	at lucee.runtime.PageContextImpl._doInclude(PageContextImpl.java:1034)
	at lucee.runtime.PageContextImpl._doInclude(PageContextImpl.java:926)
	at lucee.runtime.PageContextImpl.doInclude(PageContextImpl.java:907)
	at login_cfm$cf$8w.call(/login.cfm:1)
	at lucee.runtime.PageContextImpl._doInclude(PageContextImpl.java:1034)
	at lucee.runtime.PageContextImpl._doInclude(PageContextImpl.java:926)
	at lucee.runtime.PageContextImpl.doInclude(PageContextImpl.java:907)
	at index_cfm$cf$8v.call(/index.cfm:18)
	at lucee.runtime.PageContextImpl._doInclude(PageContextImpl.java:1034)
	at lucee.runtime.PageContextImpl._doInclude(PageContextImpl.java:926)
	at lucee.runtime.PageContextImpl.doInclude(PageContextImpl.java:907)
	at login_cfm$cf$8w.call(/login.cfm:1)
	at lucee.runtime.PageContextImpl._doInclude(PageContextImpl.java:1034)
	at lucee.runtime.PageContextImpl._doInclude(PageContextImpl.java:926)
	at lucee.runtime.PageContextImpl.doInclude(PageContextImpl.java:907)
	at index_cfm$cf$8v.call(/index.cfm:18)
	at lucee.runtime.PageContextImpl._doInclude(PageContextImpl.java:1034)
	at lucee.runtime.PageContextImpl._doInclude(PageContextImpl.java:926)
	at lucee.runtime.PageContextImpl.doInclude(PageContextImpl.java:907)
	at login_cfm$cf$8w.call(/login.cfm:1)
	at lucee.runtime.PageContextImpl._doInclude(PageContextImpl.java:1034)
	at lucee.runtime.PageContextImpl._doInclude(PageContextImpl.java:926)
	at lucee.runtime.PageContextImpl.doInclude(PageContextImpl.java:907)
	at index_cfm$cf$8v.call(/index.cfm:18)
	at lucee.runtime.PageContextImpl._doInclude(PageContextImpl.java:1034)
	at lucee.runtime.PageContextImpl._doInclude(PageContextImpl.java:926)
	at lucee.runtime.PageContextImpl.doInclude(PageContextImpl.java:907)
	at login_cfm$cf$8w.call(/login.cfm:1)
	at lucee.runtime.PageContextImpl._doInclude(PageContextImpl.java:1034)
	at lucee.runtime.PageContextImpl._doInclude(PageContextImpl.java:926)
	at lucee.runtime.PageContextImpl.doInclude(PageContextImpl.java:907)
	at index_cfm$cf$8v.call(/index.cfm:18)
	at lucee.runtime.PageContextImpl._doInclude(PageContextImpl.java:1034)
	at lucee.runtime.PageContextImpl._doInclude(PageContextImpl.java:926)
	at lucee.runtime.PageContextImpl.doInclude(PageContextImpl.java:907)
	at login_cfm$cf$8w.call(/login.cfm:1)
	at lucee.runtime.PageContextImpl._doInclude(PageContextImpl.java:1034)
	at lucee.runtime.PageContextImpl._doInclude(PageContextImpl.java:926)
	at lucee.runtime.PageContextImpl.doInclude(PageContextImpl.java:907)
	at index_cfm$cf$8v.call(/index.cfm:18)
	at lucee.runtime.PageContextImpl._doInclude(PageContextImpl.java:1034)
	at lucee.runtime.PageContextImpl._doInclude(PageContextImpl.java:926)
	at lucee.runtime.PageContextImpl.doInclude(PageContextImpl.java:907)
	at login_cfm$cf$8w.call(/login.cfm:1)
	at lucee.runtime.PageContextImpl._doInclude(PageContextImpl.java:1034)
	at lucee.runtime.PageContextImpl._doInclude(PageContextImpl.java:926)
	at lucee.runtime.PageContextImpl.doInclude(PageContextImpl.java:907)
	at index_cfm$cf$8v.call(/index.cfm:18)
	at lucee.runtime.PageContextImpl._doInclude(PageContextImpl.java:1034)
	at lucee.runtime.PageContextImpl._doInclude(PageContextImpl.java:926)
	at lucee.runtime.PageContextImpl.doInclude(PageContextImpl.java:907)
	at login_cfm$cf$8w.call(/login.cfm:1)
	at lucee.runtime.PageContextImpl._doInclude(PageContextImpl.java:1034)
	at lucee.runtime.PageContextImpl._doInclude(PageContextImpl.java:926)
	at lucee.runtime.PageContextImpl.doInclude(PageContextImpl.java:907)
	at index_cfm$cf$8v.call(/index.cfm:18)
	at lucee.runtime.PageContextImpl._doInclude(PageContextImpl.java:1034)
	at lucee.runtime.PageContextImpl._doInclude(PageContextImpl.java:926)
	at lucee.runtime.PageContextImpl.doInclude(PageContextImpl.java:907)
	at login_cfm$cf$8w.call(/login.cfm:1)
	at lucee.runtime.PageContextImpl._doInclude(PageContextImpl.java:1034)
	at lucee.runtime.PageContextImpl._doInclude(PageContextImpl.java:926)
	at lucee.runtime.PageContextImpl.doInclude(PageContextImpl.java:907)
	at index_cfm$cf$8v.call(/index.cfm:18)
	at lucee.runtime.PageContextImpl._doInclude(PageContextImpl.java:1034)
	at lucee.runtime.PageContextImpl._doInclude(PageContextImpl.java:926)
	at lucee.runtime.PageContextImpl.doInclude(PageContextImpl.java:907)
	at login_cfm$cf$8w.call(/login.cfm:1)
	at lucee.runtime.PageContextImpl._doInclude(PageContextImpl.java:1034)
	at lucee.runtime.PageContextImpl._doInclude(PageContextImpl.java:926)
	at lucee.runtime.PageContextImpl.doInclude(PageContextImpl.java:907)
	at index_cfm$cf$8v.call(/index.cfm:18)
	at lucee.runtime.PageContextImpl._doInclude(PageContextImpl.java:1034)
	at lucee.runtime.PageContextImpl._doInclude(PageContextImpl.java:926)
	at lucee.runtime.PageContextImpl.doInclude(PageContextImpl.java:907)
	at login_cfm$cf$8w.call(/login.cfm:1)
	at lucee.runtime.PageContextImpl._doInclude(PageContextImpl.java:1034)
	at lucee.runtime.PageContextImpl._doInclude(PageContextImpl.java:926)
	at lucee.runtime.PageContextImpl.doInclude(PageContextImpl.java:907)
	at index_cfm$cf$8v.call(/index.cfm:18)
	at lucee.runtime.PageContextImpl._doInclude(PageContextImpl.java:1034)
	at lucee.runtime.PageContextImpl._doInclude(PageContextImpl.java:926)
	at lucee.runtime.PageContextImpl.doInclude(PageContextImpl.java:907)
	at login_cfm$cf$8w.call(/login.cfm:1)
	at lucee.runtime.PageContextImpl._doInclude(PageContextImpl.java:1034)
	at lucee.runtime.PageContextImpl._doInclude(PageContextImpl.java:926)
	at lucee.runtime.PageContextImpl.doInclude(PageContextImpl.java:907)
	at index_cfm$cf$8v.call(/index.cfm:18)
	at lucee.runtime.PageContextImpl._doInclude(PageContextImpl.java:1034)
	at lucee.runtime.PageContextImpl._doInclude(PageContextImpl.java:926)
	at lucee.runtime.PageContextImpl.doInclude(PageContextImpl.java:907)
	at login_cfm$cf$8w.call(/login.cfm:1)
	at lucee.runtime.PageContextImpl._doInclude(PageContextImpl.java:1034)
	at lucee.runtime.PageContextImpl._doInclude(PageContextImpl.java:926)
	at lucee.runtime.PageContextImpl.doInclude(PageContextImpl.java:907)
	at index_cfm$cf$8v.call(/index.cfm:18)
	at lucee.runtime.PageContextImpl._doInclude(PageContextImpl.java:1034)
	at lucee.runtime.PageContextImpl._doInclude(PageContextImpl.java:926)
	at lucee.runtime.PageContextImpl.doInclude(PageContextImpl.java:907)
	at login_cfm$cf$8w.call(/login.cfm:1)
	at lucee.runtime.PageContextImpl._doInclude(PageContextImpl.java:1034)
	at lucee.runtime.PageContextImpl._doInclude(PageContextImpl.java:926)
	at lucee.runtime.PageContextImpl.doInclude(PageContextImpl.java:907)
	at index_cfm$cf$8v.call(/index.cfm:18)
	at lucee.runtime.PageContextImpl._doInclude(PageContextImpl.java:1034)
	at lucee.runtime.PageContextImpl._doInclude(PageContextImpl.java:926)
	at lucee.runtime.PageContextImpl.doInclude(PageContextImpl.java:907)
	at login_cfm$cf$8w.call(/login.cfm:1)
	at lucee.runtime.PageContextImpl._doInclude(PageContextImpl.java:1034)
	at lucee.runtime.PageContextImpl._doInclude(PageContextImpl.java:926)
	at lucee.runtime.PageContextImpl.doInclude(PageContextImpl.java:907)
	at index_cfm$cf$8v.call(/index.cfm:18)
	at lucee.runtime.PageContextImpl._doInclude(PageContextImpl.java:1034)
	at lucee.runtime.PageContextImpl._doInclude(PageContextImpl.java:926)
	at lucee.runtime.PageContextImpl.doInclude(PageContextImpl.java:907)
	at login_cfm$cf$8w.call(/login.cfm:1)
	at lucee.runtime.PageContextImpl._doInclude(PageContextImpl.java:1034)
	at lucee.runtime.PageContextImpl._doInclude(PageContextImpl.java:926)
	at lucee.runtime.PageContextImpl.doInclude(PageContextImpl.java:907)
	at index_cfm$cf$8v.call(/index.cfm:18)
	at lucee.runtime.PageContextImpl._doInclude(PageContextImpl.java:1034)
	at lucee.runtime.PageContextImpl._doInclude(PageContextImpl.java:926)
	at lucee.runtime.PageContextImpl.doInclude(PageContextImpl.java:907)
	at login_cfm$cf$8w.call(/login.cfm:1)
	at lucee.runtime.PageContextImpl._doInclude(PageContextImpl.java:1034)
	at lucee.runtime.PageContextImpl._doInclude(PageContextImpl.java:926)
	at lucee.runtime.PageContextImpl.doInclude(PageContextImpl.java:907)
	at index_cfm$cf$8v.call(/index.cfm:18)
	at lucee.runtime.PageContextImpl._doInclude(PageContextImpl.java:1034)
	at lucee.runtime.PageContextImpl._doInclude(PageContextImpl.java:926)
	at lucee.runtime.PageContextImpl.doInclude(PageContextImpl.java:907)
	at login_cfm$cf$8w.call(/login.cfm:1)
	at lucee.runtime.PageContextImpl._doInclude(PageContextImpl.java:1034)
	at lucee.runtime.PageContextImpl._doInclude(PageContextImpl.java:926)
	at lucee.runtime.PageContextImpl.doInclude(PageContextImpl.java:907)
	at index_cfm$cf$8v.call(/index.cfm:18)
	at lucee.runtime.PageContextImpl._doInclude(PageContextImpl.java:1034)
	at lucee.runtime.PageContextImpl._doInclude(PageContextImpl.java:926)
	at lucee.runtime.PageContextImpl.doInclude(PageContextImpl.java:907)
	at login_cfm$cf$8w.call(/login.cfm:1)
	at lucee.runtime.PageContextImpl._doInclude(PageContextImpl.java:1034)
	at lucee.runtime.PageContextImpl._doInclude(PageContextImpl.java:926)
	at lucee.runtime.PageContextImpl.doInclude(PageContextImpl.java:907)
	at index_cfm$cf$8v.call(/index.cfm:18)
	at lucee.runtime.PageContextImpl._doInclude(PageContextImpl.java:1034)
	at lucee.runtime.PageContextImpl._doInclude(PageContextImpl.java:926)
	at lucee.runtime.PageContextImpl.doInclude(PageContextImpl.java:907)
	at login_cfm$cf$8w.call(/login.cfm:1)
	at lucee.runtime.PageContextImpl._doInclude(PageContextImpl.java:1034)
	at lucee.runtime.PageContextImpl._doInclude(PageContextImpl.java:926)
	at lucee.runtime.PageContextImpl.doInclude(PageContextImpl.java:907)
	at index_cfm$cf$8v.call(/index.cfm:18)
	at lucee.runtime.PageContextImpl._doInclude(PageContextImpl.java:1034)
	at lucee.runtime.PageContextImpl._doInclude(PageContextImpl.java:926)
	at lucee.runtime.PageContextImpl.doInclude(PageContextImpl.java:907)
	at login_cfm$cf$8w.call(/login.cfm:1)
	at lucee.runtime.PageContextImpl._doInclude(PageContextImpl.java:1034)
	at lucee.runtime.PageContextImpl._doInclude(PageContextImpl.java:926)
	at lucee.runtime.PageContextImpl.doInclude(PageContextImpl.java:907)
	at index_cfm$cf$8v.call(/index.cfm:18)
	at lucee.runtime.PageContextImpl._doInclude(PageContextImpl.java:1034)
	at lucee.runtime.PageContextImpl._doInclude(PageContextImpl.java:926)
	at lucee.runtime.PageContextImpl.doInclude(PageContextImpl.java:907)
	at login_cfm$cf$8w.call(/login.cfm:1)
	at lucee.runtime.PageContextImpl._doInclude(PageContextImpl.java:1034)
	at lucee.runtime.PageContextImpl._doInclude(PageContextImpl.java:926)
	at lucee.runtime.PageContextImpl.doInclude(PageContextImpl.java:907)
	at index_cfm$cf$8v.call(/index.cfm:18)
	at lucee.runtime.PageContextImpl._doInclude(PageContextImpl.java:1034)
	at lucee.runtime.PageContextImpl._doInclude(PageContextImpl.java:926)
	at lucee.runtime.PageContextImpl.doInclude(PageContextImpl.java:907)
	at login_cfm$cf$8w.call(/login.cfm:1)
	at lucee.runtime.PageContextImpl._doInclude(PageContextImpl.java:1034)
	at lucee.runtime.PageContextImpl._doInclude(PageContextImpl.java:926)
	at lucee.runtime.PageContextImpl.doInclude(PageContextImpl.java:907)
	at index_cfm$cf$8v.call(/index.cfm:18)
	at lucee.runtime.PageContextImpl._doInclude(PageContextImpl.java:1034)
	at lucee.runtime.PageContextImpl._doInclude(PageContextImpl.java:926)
	at lucee.runtime.PageContextImpl.doInclude(PageContextImpl.java:907)
	at login_cfm$cf$8w.call(/login.cfm:1)
	at lucee.runtime.PageContextImpl._doInclude(PageContextImpl.java:1034)
	at lucee.runtime.PageContextImpl._doInclude(PageContextImpl.java:926)
	at lucee.runtime.PageContextImpl.doInclude(PageContextImpl.java:907)
	at index_cfm$cf$8v.call(/index.cfm:18)
	at lucee.runtime.PageContextImpl._doInclude(PageContextImpl.java:1034)
	at lucee.runtime.PageContextImpl._doInclude(PageContextImpl.java:926)
	at lucee.runtime.PageContextImpl.doInclude(PageContextImpl.java:907)
	at login_cfm$cf$8w.call(/login.cfm:1)
	at lucee.runtime.PageContextImpl._doInclude(PageContextImpl.java:1034)
	at lucee.runtime.PageContextImpl._doInclude(PageContextImpl.java:926)
	at lucee.runtime.PageContextImpl.doInclude(PageContextImpl.java:907)
	at index_cfm$cf$8v.call(/index.cfm:18)
	at lucee.runtime.PageContextImpl._doInclude(PageContextImpl.java:1034)
	at lucee.runtime.PageContextImpl._doInclude(PageContextImpl.java:926)
	at lucee.runtime.PageContextImpl.doInclude(PageContextImpl.java:907)
	at login_cfm$cf$8w.call(/login.cfm:1)
	at lucee.runtime.PageContextImpl._doInclude(PageContextImpl.java:1034)
	at lucee.runtime.PageContextImpl._doInclude(PageContextImpl.java:926)
	at lucee.runtime.PageContextImpl.doInclude(PageContextImpl.java:907)
	at index_cfm$cf$8v.call(/index.cfm:18)
	at lucee.runtime.PageContextImpl._doInclude(PageContextImpl.java:1034)
	at lucee.runtime.PageContextImpl._doInclude(PageContextImpl.java:926)
	at lucee.runtime.PageContextImpl.doInclude(PageContextImpl.java:907)
	at login_cfm$cf$8w.call(/login.cfm:1)
	at lucee.runtime.PageContextImpl._doInclude(PageContextImpl.java:1034)
	at lucee.runtime.PageContextImpl._doInclude(PageContextImpl.java:926)
	at lucee.runtime.PageContextImpl.doInclude(PageContextImpl.java:907)
	at index_cfm$cf$8v.call(/index.cfm:18)
	at lucee.runtime.PageContextImpl._doInclude(PageContextImpl.java:1034)
	at lucee.runtime.PageContextImpl._doInclude(PageContextImpl.java:926)
	at lucee.runtime.PageContextImpl.doInclude(PageContextImpl.java:907)
	at login_cfm$cf$8w.call(/login.cfm:1)
	at lucee.runtime.PageContextImpl._doInclude(PageContextImpl.java:1034)
	at lucee.runtime.PageContextImpl._doInclude(PageContextImpl.java:926)
	at lucee.runtime.PageContextImpl.doInclude(PageContextImpl.java:907)
	at index_cfm$cf$8v.call(/index.cfm:18)
	at lucee.runtime.PageContextImpl._doInclude(PageContextImpl.java:1034)
	at lucee.runtime.PageContextImpl._doInclude(PageContextImpl.java:926)
	at lucee.runtime.PageContextImpl.doInclude(PageContextImpl.java:907)
	at login_cfm$cf$8w.call(/login.cfm:1)
	at lucee.runtime.PageContextImpl._doInclude(PageContextImpl.java:1034)
	at lucee.runtime.PageContextImpl._doInclude(PageContextImpl.java:926)
	at lucee.runtime.PageContextImpl.doInclude(PageContextImpl.java:907)
	at index_cfm$cf$8v.call(/index.cfm:18)
	at lucee.runtime.PageContextImpl._doInclude(PageContextImpl.java:1034)
	at lucee.runtime.PageContextImpl._doInclude(PageContextImpl.java:926)
	at lucee.runtime.PageContextImpl.doInclude(PageContextImpl.java:907)
	at login_cfm$cf$8w.call(/login.cfm:1)
	at lucee.runtime.PageContextImpl._doInclude(PageContextImpl.java:1034)
	at lucee.runtime.PageContextImpl._doInclude(PageContextImpl.java:926)
	at lucee.runtime.PageContextImpl.doInclude(PageContextImpl.java:907)
	at index_cfm$cf$8v.call(/index.cfm:18)
	at lucee.runtime.PageContextImpl._doInclude(PageContextImpl.java:1034)
	at lucee.runtime.PageContextImpl._doInclude(PageContextImpl.java:926)
	at lucee.runtime.PageContextImpl.doInclude(PageContextImpl.java:907)
	at login_cfm$cf$8w.call(/login.cfm:1)
	at lucee.runtime.PageContextImpl._doInclude(PageContextImpl.java:1034)
	at lucee.runtime.PageContextImpl._doInclude(PageContextImpl.java:926)
	at lucee.runtime.PageContextImpl.doInclude(PageContextImpl.java:907)
	at index_cfm$cf$8v.call(/index.cfm:18)
	at lucee.runtime.PageContextImpl._doInclude(PageContextImpl.java:1034)
	at lucee.runtime.PageContextImpl._doInclude(PageContextImpl.java:926)
	at lucee.runtime.PageContextImpl.doInclude(PageContextImpl.java:907)
	at login_cfm$cf$8w.call(/login.cfm:1)
	at lucee.runtime.PageContextImpl._doInclude(PageContextImpl.java:1034)
	at lucee.runtime.PageContextImpl._doInclude(PageContextImpl.java:926)
	at lucee.runtime.PageContextImpl.doInclude(PageContextImpl.java:907)
	at index_cfm$cf$8v.call(/index.cfm:18)
	at lucee.runtime.PageContextImpl._doInclude(PageContextImpl.java:1034)
	at lucee.runtime.PageContextImpl._doInclude(PageContextImpl.java:926)
	at lucee.runtime.PageContextImpl.doInclude(PageContextImpl.java:907)
	at login_cfm$cf$8w.call(/login.cfm:1)
	at lucee.runtime.PageContextImpl._doInclude(PageContextImpl.java:1034)
	at lucee.runtime.PageContextImpl._doInclude(PageContextImpl.java:926)
	at lucee.runtime.PageContextImpl.doInclude(PageContextImpl.java:907)
	at index_cfm$cf$8v.call(/index.cfm:18)
	at lucee.runtime.PageContextImpl._doInclude(PageContextImpl.java:1034)
	at lucee.runtime.PageContextImpl._doInclude(PageContextImpl.java:926)
	at lucee.runtime.PageContextImpl.doInclude(PageContextImpl.java:907)
	at login_cfm$cf$8w.call(/login.cfm:1)
	at lucee.runtime.PageContextImpl._doInclude(PageContextImpl.java:1034)
	at lucee.runtime.PageContextImpl._doInclude(PageContextImpl.java:926)
	at lucee.runtime.PageContextImpl.doInclude(PageContextImpl.java:907)
	at index_cfm$cf$8v.call(/index.cfm:18)
	at lucee.runtime.PageContextImpl._doInclude(PageContextImpl.java:1034)
	at lucee.runtime.PageContextImpl._doInclude(PageContextImpl.java:926)
	at lucee.runtime.PageContextImpl.doInclude(PageContextImpl.java:907)
	at login_cfm$cf$8w.call(/login.cfm:1)
	at lucee.runtime.PageContextImpl._doInclude(PageContextImpl.java:1034)
	at lucee.runtime.PageContextImpl._doInclude(PageContextImpl.java:926)
	at lucee.runtime.PageContextImpl.doInclude(PageContextImpl.java:907)
	at index_cfm$cf$8v.call(/index.cfm:18)
	at lucee.runtime.PageContextImpl._doInclude(PageContextImpl.java:1034)
	at lucee.runtime.PageContextImpl._doInclude(PageContextImpl.java:926)
	at lucee.runtime.PageContextImpl.doInclude(PageContextImpl.java:907)
	at login_cfm$cf$8w.call(/login.cfm:1)
	at lucee.runtime.PageContextImpl._doInclude(PageContextImpl.java:1034)
	at lucee.runtime.PageContextImpl._doInclude(PageContextImpl.java:926)
	at lucee.runtime.PageContextImpl.doInclude(PageContextImpl.java:907)
	at index_cfm$cf$8v.call(/index.cfm:18)
	at lucee.runtime.PageContextImpl._doInclude(PageContextImpl.java:1034)
	at lucee.runtime.PageContextImpl._doInclude(PageContextImpl.java:926)
	at lucee.runtime.PageContextImpl.doInclude(PageContextImpl.java:907)
	at login_cfm$cf$8w.call(/login.cfm:1)
	at lucee.runtime.PageContextImpl._doInclude(PageContextImpl.java:1034)
	at lucee.runtime.PageContextImpl._doInclude(PageContextImpl.java:926)
	at lucee.runtime.PageContextImpl.doInclude(PageContextImpl.java:907)
	at index_cfm$cf$8v.call(/index.cfm:18)
	at lucee.runtime.PageContextImpl._doInclude(PageContextImpl.java:1034)
	at lucee.runtime.PageContextImpl._doInclude(PageContextImpl.java:926)
	at lucee.runtime.PageContextImpl.doInclude(PageContextImpl.java:907)
	at login_cfm$cf$8w.call(/login.cfm:1)
	at lucee.runtime.PageContextImpl._doInclude(PageContextImpl.java:1034)
	at lucee.runtime.PageContextImpl._doInclude(PageContextImpl.java:926)
	at lucee.runtime.PageContextImpl.doInclude(PageContextImpl.java:907)
	at index_cfm$cf$8v.call(/index.cfm:18)
	at lucee.runtime.PageContextImpl._doInclude(PageContextImpl.java:1034)
	at lucee.runtime.PageContextImpl._doInclude(PageContextImpl.java:926)
	at lucee.runtime.PageContextImpl.doInclude(PageContextImpl.java:907)
	at login_cfm$cf$8w.call(/login.cfm:1)
	at lucee.runtime.PageContextImpl._doInclude(PageContextImpl.java:1034)
	at lucee.runtime.PageContextImpl._doInclude(PageContextImpl.java:926)
	at lucee.runtime.PageContextImpl.doInclude(PageContextImpl.java:907)
	at index_cfm$cf$8v.call(/index.cfm:18)
	at lucee.runtime.PageContextImpl._doInclude(PageContextImpl.java:1034)
	at lucee.runtime.PageContextImpl._doInclude(PageContextImpl.java:926)
	at lucee.runtime.PageContextImpl.doInclude(PageContextImpl.java:907)
	at login_cfm$cf$8w.call(/login.cfm:1)
	at lucee.runtime.PageContextImpl._doInclude(PageContextImpl.java:1034)
	at lucee.runtime.PageContextImpl._doInclude(PageContextImpl.java:926)
	at lucee.runtime.PageContextImpl.doInclude(PageContextImpl.java:907)
	at index_cfm$cf$8v.call(/index.cfm:18)
	at lucee.runtime.PageContextImpl._doInclude(PageContextImpl.java:1034)
	at lucee.runtime.PageContextImpl._doInclude(PageContextImpl.java:926)
	at lucee.runtime.PageContextImpl.doInclude(PageContextImpl.java:907)
	at login_cfm$cf$8w.call(/login.cfm:1)
	at lucee.runtime.PageContextImpl._doInclude(PageContextImpl.java:1034)
	at lucee.runtime.PageContextImpl._doInclude(PageContextImpl.java:926)
	at lucee.runtime.PageContextImpl.doInclude(PageContextImpl.java:907)
	at index_cfm$cf$8v.call(/index.cfm:18)
	at lucee.runtime.PageContextImpl._doInclude(PageContextImpl.java:1034)
	at lucee.runtime.PageContextImpl._doInclude(PageContextImpl.java:926)
	at lucee.runtime.PageContextImpl.doInclude(PageContextImpl.java:907)
	at login_cfm$cf$8w.call(/login.cfm:1)
	at lucee.runtime.PageContextImpl._doInclude(PageContextImpl.java:1034)
	at lucee.runtime.PageContextImpl._doInclude(PageContextImpl.java:926)
	at lucee.runtime.PageContextImpl.doInclude(PageContextImpl.java:907)
	at index_cfm$cf$8v.call(/index.cfm:18)
	at lucee.runtime.PageContextImpl._doInclude(PageContextImpl.java:1034)
	at lucee.runtime.PageContextImpl._doInclude(PageContextImpl.java:926)
	at lucee.runtime.PageContextImpl.doInclude(PageContextImpl.java:907)
	at login_cfm$cf$8w.call(/login.cfm:1)
	at lucee.runtime.PageContextImpl._doInclude(PageContextImpl.java:1034)
	at lucee.runtime.PageContextImpl._doInclude(PageContextImpl.java:926)
	at lucee.runtime.PageContextImpl.doInclude(PageContextImpl.java:907)
	at index_cfm$cf$8v.call(/index.cfm:18)
	at lucee.runtime.PageContextImpl._doInclude(PageContextImpl.java:1034)
	at lucee.runtime.PageContextImpl._doInclude(PageContextImpl.java:926)
	at lucee.runtime.PageContextImpl.doInclude(PageContextImpl.java:907)
	at login_cfm$cf$8w.call(/login.cfm:1)
	at lucee.runtime.PageContextImpl._doInclude(PageContextImpl.java:1034)
	at lucee.runtime.PageContextImpl._doInclude(PageContextImpl.java:926)
	at lucee.runtime.PageContextImpl.doInclude(PageContextImpl.java:907)
	at index_cfm$cf$8v.call(/index.cfm:18)
	at lucee.runtime.PageContextImpl._doInclude(PageContextImpl.java:1034)
	at lucee.runtime.PageContextImpl._doInclude(PageContextImpl.java:926)
	at lucee.runtime.PageContextImpl.doInclude(PageContextImpl.java:907)
	at login_cfm$cf$8w.call(/login.cfm:1)
	at lucee.runtime.PageContextImpl._doInclude(PageContextImpl.java:1034)
	at lucee.runtime.PageContextImpl._doInclude(PageContextImpl.java:926)
	at lucee.runtime.PageContextImpl.doInclude(PageContextImpl.java:907)
	at index_cfm$cf$8v.call(/index.cfm:18)
	at lucee.runtime.PageContextImpl._doInclude(PageContextImpl.java:1034)
	at lucee.runtime.PageContextImpl._doInclude(PageContextImpl.java:926)
	at lucee.runtime.PageContextImpl.doInclude(PageContextImpl.java:907)
	at login_cfm$cf$8w.call(/login.cfm:1)
	at lucee.runtime.PageContextImpl._doInclude(PageContextImpl.java:1034)
	at lucee.runtime.PageContextImpl._doInclude(PageContextImpl.java:926)
	at lucee.runtime.PageContextImpl.doInclude(PageContextImpl.java:907)
	at index_cfm$cf$8v.call(/index.cfm:18)
	at lucee.runtime.PageContextImpl._doInclude(PageContextImpl.java:1034)
	at lucee.runtime.PageContextImpl._doInclude(PageContextImpl.java:926)
	at lucee.runtime.PageContextImpl.doInclude(PageContextImpl.java:907)
	at login_cfm$cf$8w.call(/login.cfm:1)
	at lucee.runtime.PageContextImpl._doInclude(PageContextImpl.java:1034)
	at lucee.runtime.PageContextImpl._doInclude(PageContextImpl.java:926)
	at lucee.runtime.PageContextImpl.doInclude(PageContextImpl.java:907)
	at index_cfm$cf$8v.call(/index.cfm:18)
	at lucee.runtime.PageContextImpl._doInclude(PageContextImpl.java:1034)
	at lucee.runtime.PageContextImpl._doInclude(PageContextImpl.java:926)
	at lucee.runtime.PageContextImpl.doInclude(PageContextImpl.java:907)
	at login_cfm$cf$8w.call(/login.cfm:1)
	at lucee.runtime.PageContextImpl._doInclude(PageContextImpl.java:1034)
	at lucee.runtime.PageContextImpl._doInclude(PageContextImpl.java:926)
	at lucee.runtime.PageContextImpl.doInclude(PageContextImpl.java:907)
	at index_cfm$cf$8v.call(/index.cfm:18)
	at lucee.runtime.PageContextImpl._doInclude(PageContextImpl.java:1034)
	at lucee.runtime.PageContextImpl._doInclude(PageContextImpl.java:926)
	at lucee.runtime.PageContextImpl.doInclude(PageContextImpl.java:907)
	at login_cfm$cf$8w.call(/login.cfm:1)
	at lucee.runtime.PageContextImpl._doInclude(PageContextImpl.java:1034)
	at lucee.runtime.PageContextImpl._doInclude(PageContextImpl.java:926)
	at lucee.runtime.PageContextImpl.doInclude(PageContextImpl.java:907)
	at index_cfm$cf$8v.call(/index.cfm:18)
	at lucee.runtime.PageContextImpl._doInclude(PageContextImpl.java:1034)
	at lucee.runtime.PageContextImpl._doInclude(PageContextImpl.java:926)
	at lucee.runtime.PageContextImpl.doInclude(PageContextImpl.java:907)
	at login_cfm$cf$8w.call(/login.cfm:1)
	at lucee.runtime.PageContextImpl._doInclude(PageContextImpl.java:1034)
	at lucee.runtime.PageContextImpl._doInclude(PageContextImpl.java:926)
	at lucee.runtime.PageContextImpl.doInclude(PageContextImpl.java:907)
	at index_cfm$cf$8v.call(/index.cfm:18)
	at lucee.runtime.PageContextImpl._doInclude(PageContextImpl.java:1034)
	at lucee.runtime.PageContextImpl._doInclude(PageContextImpl.java:926)
	at lucee.runtime.PageContextImpl.doInclude(PageContextImpl.java:907)
	at login_cfm$cf$8w.call(/login.cfm:1)
	at lucee.runtime.PageContextImpl._doInclude(PageContextImpl.java:1034)
	at lucee.runtime.PageContextImpl._doInclude(PageContextImpl.java:926)
	at lucee.runtime.PageContextImpl.doInclude(PageContextImpl.java:907)
	at index_cfm$cf$8v.call(/index.cfm:18)
	at lucee.runtime.PageContextImpl._doInclude(PageContextImpl.java:1034)
	at lucee.runtime.PageContextImpl._doInclude(PageContextImpl.java:926)
	at lucee.runtime.PageContextImpl.doInclude(PageContextImpl.java:907)
	at login_cfm$cf$8w.call(/login.cfm:1)
	at lucee.runtime.PageContextImpl._doInclude(PageContextImpl.java:1034)
	at lucee.runtime.PageContextImpl._doInclude(PageContextImpl.java:926)
	at lucee.runtime.PageContextImpl.doInclude(PageContextImpl.java:907)
	at index_cfm$cf$8v.call(/index.cfm:18)
	at lucee.runtime.PageContextImpl._doInclude(PageContextImpl.java:1034)
	at lucee.runtime.PageContextImpl._doInclude(PageContextImpl.java:926)
	at lucee.runtime.PageContextImpl.doInclude(PageContextImpl.java:907)
	at login_cfm$cf$8w.call(/login.cfm:1)
	at lucee.runtime.PageContextImpl._doInclude(PageContextImpl.java:1034)
	at lucee.runtime.PageContextImpl._doInclude(PageContextImpl.java:926)
	at lucee.runtime.PageContextImpl.doInclude(PageContextImpl.java:907)
	at index_cfm$cf$8v.call(/index.cfm:18)
	at lucee.runtime.PageContextImpl._doInclude(PageContextImpl.java:1034)
	at lucee.runtime.PageContextImpl._doInclude(PageContextImpl.java:926)
	at lucee.runtime.PageContextImpl.doInclude(PageContextImpl.java:907)
	at login_cfm$cf$8w.call(/login.cfm:1)
	at lucee.runtime.PageContextImpl._doInclude(PageContextImpl.java:1034)
	at lucee.runtime.PageContextImpl._doInclude(PageContextImpl.java:926)
	at lucee.runtime.PageContextImpl.doInclude(PageContextImpl.java:907)
	at index_cfm$cf$8v.call(/index.cfm:18)
	at lucee.runtime.PageContextImpl._doInclude(PageContextImpl.java:1034)
	at lucee.runtime.PageContextImpl._doInclude(PageContextImpl.java:926)
	at lucee.runtime.PageContextImpl.doInclude(PageContextImpl.java:907)
	at login_cfm$cf$8w.call(/login.cfm:1)
	at lucee.runtime.PageContextImpl._doInclude(PageContextImpl.java:1034)
	at lucee.runtime.PageContextImpl._doInclude(PageContextImpl.java:926)
	at lucee.runtime.PageContextImpl.doInclude(PageContextImpl.java:907)
	at index_cfm$cf$8v.call(/index.cfm:18)
	at lucee.runtime.PageContextImpl._doInclude(PageContextImpl.java:1034)
	at lucee.runtime.PageContextImpl._doInclude(PageContextImpl.java:926)
	at lucee.runtime.PageContextImpl.doInclude(PageContextImpl.java:907)
	at login_cfm$cf$8w.call(/login.cfm:1)
	at lucee.runtime.PageContextImpl._doInclude(PageContextImpl.java:1034)
	at lucee.runtime.PageContextImpl._doInclude(PageContextImpl.java:926)
	at lucee.runtime.PageContextImpl.doInclude(PageContextImpl.java:907)
	at index_cfm$cf$8v.call(/index.cfm:18)
	at lucee.runtime.PageContextImpl._doInclude(PageContextImpl.java:1034)
	at lucee.runtime.PageContextImpl._doInclude(PageContextImpl.java:926)
	at lucee.runtime.PageContextImpl.doInclude(PageContextImpl.java:907)
	at login_cfm$cf$8w.call(/login.cfm:1)
	at lucee.runtime.PageContextImpl._doInclude(PageContextImpl.java:1034)
	at lucee.runtime.PageContextImpl._doInclude(PageContextImpl.java:926)
	at lucee.runtime.PageContextImpl.doInclude(PageContextImpl.java:907)
	at index_cfm$cf$8v.call(/index.cfm:18)
	at lucee.runtime.PageContextImpl._doInclude(PageContextImpl.java:1034)
	at lucee.runtime.PageContextImpl._doInclude(PageContextImpl.java:926)
	at lucee.runtime.PageContextImpl.doInclude(PageContextImpl.java:907)
	at login_cfm$cf$8w.call(/login.cfm:1)
	at lucee.runtime.PageContextImpl._doInclude(PageContextImpl.java:1034)
	at lucee.runtime.PageContextImpl._doInclude(PageContextImpl.java:926)
	at lucee.runtime.PageContextImpl.doInclude(PageContextImpl.java:907)
	at index_cfm$cf$8v.call(/index.cfm:18)
	at lucee.runtime.PageContextImpl._doInclude(PageContextImpl.java:1034)
	at lucee.runtime.PageContextImpl._doInclude(PageContextImpl.java:926)
	at lucee.runtime.PageContextImpl.doInclude(PageContextImpl.java:907)
	at login_cfm$cf$8w.call(/login.cfm:1)
	at lucee.runtime.PageContextImpl._doInclude(PageContextImpl.java:1034)
	at lucee.runtime.PageContextImpl._doInclude(PageContextImpl.java:926)
	at lucee.runtime.PageContextImpl.doInclude(PageContextImpl.java:907)
	at index_cfm$cf$8v.call(/index.cfm:18)
	at lucee.runtime.PageContextImpl._doInclude(PageContextImpl.java:1034)
	at lucee.runtime.PageContextImpl._doInclude(PageContextImpl.java:926)
	at lucee.runtime.PageContextImpl.doInclude(PageContextImpl.java:907)
	at login_cfm$cf$8w.call(/login.cfm:1)
	at lucee.runtime.PageContextImpl._doInclude(PageContextImpl.java:1034)
	at lucee.runtime.PageContextImpl._doInclude(PageContextImpl.java:926)
	at lucee.runtime.PageContextImpl.doInclude(PageContextImpl.java:907)
	at index_cfm$cf$8v.call(/index.cfm:18)
	at lucee.runtime.PageContextImpl._doInclude(PageContextImpl.java:1034)
	at lucee.runtime.PageContextImpl._doInclude(PageContextImpl.java:926)
	at lucee.runtime.PageContextImpl.doInclude(PageContextImpl.java:907)
	at login_cfm$cf$8w.call(/login.cfm:1)
	at lucee.runtime.PageContextImpl._doInclude(PageContextImpl.java:1034)
	at lucee.runtime.PageContextImpl._doInclude(PageContextImpl.java:926)
	at lucee.runtime.PageContextImpl.doInclude(PageContextImpl.java:907)
	at index_cfm$cf$8v.call(/index.cfm:18)
	at lucee.runtime.PageContextImpl._doInclude(PageContextImpl.java:1034)
	at lucee.runtime.PageContextImpl._doInclude(PageContextImpl.java:926)
	at lucee.runtime.PageContextImpl.doInclude(PageContextImpl.java:907)
	at login_cfm$cf$8w.call(/login.cfm:1)
	at lucee.runtime.PageContextImpl._doInclude(PageContextImpl.java:1034)
	at lucee.runtime.PageContextImpl._doInclude(PageContextImpl.java:926)
	at lucee.runtime.PageContextImpl.doInclude(PageContextImpl.java:907)
	at index_cfm$cf$8v.call(/index.cfm:18)
	at lucee.runtime.PageContextImpl._doInclude(PageContextImpl.java:1034)
	at lucee.runtime.PageContextImpl._doInclude(PageContextImpl.java:926)
	at lucee.runtime.PageContextImpl.doInclude(PageContextImpl.java:907)
	at login_cfm$cf$8w.call(/login.cfm:1)
	at lucee.runtime.PageContextImpl._doInclude(PageContextImpl.java:1034)
	at lucee.runtime.PageContextImpl._doInclude(PageContextImpl.java:926)
	at lucee.runtime.PageContextImpl.doInclude(PageContextImpl.java:907)
	at index_cfm$cf$8v.call(/index.cfm:18)
	at lucee.runtime.PageContextImpl._doInclude(PageContextImpl.java:1034)
	at lucee.runtime.PageContextImpl._doInclude(PageContextImpl.java:926)
	at lucee.runtime.PageContextImpl.doInclude(PageContextImpl.java:907)
	at login_cfm$cf$8w.call(/login.cfm:1)
	at lucee.runtime.PageContextImpl._doInclude(PageContextImpl.java:1034)
	at lucee.runtime.PageContextImpl._doInclude(PageContextImpl.java:926)
	at lucee.runtime.PageContextImpl.doInclude(PageContextImpl.java:907)
	at index_cfm$cf$8v.call(/index.cfm:18)
	at lucee.runtime.PageContextImpl._doInclude(PageContextImpl.java:1034)
	at lucee.runtime.PageContextImpl._doInclude(PageContextImpl.java:926)
	at lucee.runtime.PageContextImpl.doInclude(PageContextImpl.java:907)
	at login_cfm$cf$8w.call(/login.cfm:1)
	at lucee.runtime.PageContextImpl._doInclude(PageContextImpl.java:1034)
	at lucee.runtime.PageContextImpl._doInclude(PageContextImpl.java:926)
	at lucee.runtime.PageContextImpl.doInclude(PageContextImpl.java:907)
	at index_cfm$cf$8v.call(/index.cfm:18)
	at lucee.runtime.PageContextImpl._doInclude(PageContextImpl.java:1034)
	at lucee.runtime.PageContextImpl._doInclude(PageContextImpl.java:926)
	at lucee.runtime.PageContextImpl.doInclude(PageContextImpl.java:907)
	at login_cfm$cf$8w.call(/login.cfm:1)
	at lucee.runtime.PageContextImpl._doInclude(PageContextImpl.java:1034)
	at lucee.runtime.PageContextImpl._doInclude(PageContextImpl.java:926)
	at lucee.runtime.PageContextImpl.doInclude(PageContextImpl.java:907)
	at index_cfm$cf$8v.call(/index.cfm:18)
	at lucee.runtime.PageContextImpl._doInclude(PageContextImpl.java:1034)
	at lucee.runtime.PageContextImpl._doInclude(PageContextImpl.java:926)
	at lucee.runtime.PageContextImpl.doInclude(PageContextImpl.java:907)
	at login_cfm$cf$8w.call(/login.cfm:1)
	at lucee.runtime.PageContextImpl._doInclude(PageContextImpl.java:1034)
	at lucee.runtime.PageContextImpl._doInclude(PageContextImpl.java:926)
	at lucee.runtime.PageContextImpl.doInclude(PageContextImpl.java:907)
	at index_cfm$cf$8v.call(/index.cfm:18)
	at lucee.runtime.PageContextImpl._doInclude(PageContextImpl.java:1034)
	at lucee.runtime.PageContextImpl._doInclude(PageContextImpl.java:926)
	at lucee.runtime.PageContextImpl.doInclude(PageContextImpl.java:907)
	at login_cfm$cf$8w.call(/login.cfm:1)
	at lucee.runtime.PageContextImpl._doInclude(PageContextImpl.java:1034)
	at lucee.runtime.PageContextImpl._doInclude(PageContextImpl.java:926)
	at lucee.runtime.PageContextImpl.doInclude(PageContextImpl.java:907)
	at index_cfm$cf$8v.call(/index.cfm:18)
	at lucee.runtime.PageContextImpl._doInclude(PageContextImpl.java:1034)
	at lucee.runtime.PageContextImpl._doInclude(PageContextImpl.java:926)
	at lucee.runtime.PageContextImpl.doInclude(PageContextImpl.java:907)
	at login_cfm$cf$8w.call(/login.cfm:1)
	at lucee.runtime.PageContextImpl._doInclude(PageContextImpl.java:1034)
	at lucee.runtime.PageContextImpl._doInclude(PageContextImpl.java:926)
	at lucee.runtime.PageContextImpl.doInclude(PageContextImpl.java:907)
	at index_cfm$cf$8v.call(/index.cfm:18)
	at lucee.runtime.PageContextImpl._doInclude(PageContextImpl.java:1034)
	at lucee.runtime.PageContextImpl._doInclude(PageContextImpl.java:926)
	at lucee.runtime.PageContextImpl.doInclude(PageContextImpl.java:907)
	at login_cfm$cf$8w.call(/login.cfm:1)
	at lucee.runtime.PageContextImpl._doInclude(PageContextImpl.java:1034)
	at lucee.runtime.PageContextImpl._doInclude(PageContextImpl.java:926)
	at lucee.runtime.PageContextImpl.doInclude(PageContextImpl.java:907)
	at index_cfm$cf$8v.call(/index.cfm:18)
	at lucee.runtime.PageContextImpl._doInclude(PageContextImpl.java:1034)
	at lucee.runtime.PageContextImpl._doInclude(PageContextImpl.java:926)
	at lucee.runtime.PageContextImpl.doInclude(PageContextImpl.java:907)
	at login_cfm$cf$8w.call(/login.cfm:1)
	at lucee.runtime.PageContextImpl._doInclude(PageContextImpl.java:1034)
	at lucee.runtime.PageContextImpl._doInclude(PageContextImpl.java:926)
	at lucee.runtime.PageContextImpl.doInclude(PageContextImpl.java:907)
	at index_cfm$cf$8v.call(/index.cfm:18)
	at lucee.runtime.PageContextImpl._doInclude(PageContextImpl.java:1034)
	at lucee.runtime.PageContextImpl._doInclude(PageContextImpl.java:926)
	at lucee.runtime.PageContextImpl.doInclude(PageContextImpl.java:907)
	at login_cfm$cf$8w.call(/login.cfm:1)
	at lucee.runtime.PageContextImpl._doInclude(PageContextImpl.java:1034)
	at lucee.runtime.PageContextImpl._doInclude(PageContextImpl.java:926)
	at lucee.runtime.PageContextImpl.doInclude(PageContextImpl.java:907)
	at index_cfm$cf$8v.call(/index.cfm:18)
	at lucee.runtime.PageContextImpl._doInclude(PageContextImpl.java:1034)
	at lucee.runtime.PageContextImpl._doInclude(PageContextImpl.java:926)
	at lucee.runtime.PageContextImpl.doInclude(PageContextImpl.java:907)
	at login_cfm$cf$8w.call(/login.cfm:1)
	at lucee.runtime.PageContextImpl._doInclude(PageContextImpl.java:1034)
	at lucee.runtime.PageContextImpl._doInclude(PageContextImpl.java:926)
	at lucee.runtime.PageContextImpl.doInclude(PageContextImpl.java:907)
	at index_cfm$cf$8v.call(/index.cfm:18)
	at lucee.runtime.PageContextImpl._doInclude(PageContextImpl.java:1034)
	at lucee.runtime.PageContextImpl._doInclude(PageContextImpl.java:926)
	at lucee.runtime.PageContextImpl.doInclude(PageContextImpl.java:907)
	at login_cfm$cf$8w.call(/login.cfm:1)
	at lucee.runtime.PageContextImpl._doInclude(PageContextImpl.java:1034)
	at lucee.runtime.PageContextImpl._doInclude(PageContextImpl.java:926)
	at lucee.runtime.PageContextImpl.doInclude(PageContextImpl.java:907)
	at index_cfm$cf$8v.call(/index.cfm:18)
	at lucee.runtime.PageContextImpl._doInclude(PageContextImpl.java:1034)
	at lucee.runtime.PageContextImpl._doInclude(PageContextImpl.java:926)
	at lucee.runtime.PageContextImpl.doInclude(PageContextImpl.java:907)
	at login_cfm$cf$8w.call(/login.cfm:1)
	at lucee.runtime.PageContextImpl._doInclude(PageContextImpl.java:1034)
	at lucee.runtime.PageContextImpl._doInclude(PageContextImpl.java:926)
	at lucee.runtime.PageContextImpl.doInclude(PageContextImpl.java:907)
	at index_cfm$cf$8v.call(/index.cfm:18)
	at lucee.runtime.PageContextImpl._doInclude(PageContextImpl.java:1034)
	at lucee.runtime.PageContextImpl._doInclude(PageContextImpl.java:926)
	at lucee.runtime.PageContextImpl.doInclude(PageContextImpl.java:907)
	at login_cfm$cf$8w.call(/login.cfm:1)
	at lucee.runtime.PageContextImpl._doInclude(PageContextImpl.java:1034)
	at lucee.runtime.PageContextImpl._doInclude(PageContextImpl.java:926)
	at lucee.runtime.PageContextImpl.doInclude(PageContextImpl.java:907)
	at index_cfm$cf$8v.call(/index.cfm:18)
	at lucee.runtime.PageContextImpl._doInclude(PageContextImpl.java:1034)
	at lucee.runtime.PageContextImpl._doInclude(PageContextImpl.java:926)
	at lucee.runtime.PageContextImpl.doInclude(PageContextImpl.java:907)
	at login_cfm$cf$8w.call(/login.cfm:1)
	at lucee.runtime.PageContextImpl._doInclude(PageContextImpl.java:1034)
	at lucee.runtime.PageContextImpl._doInclude(PageContextImpl.java:926)
	at lucee.runtime.PageContextImpl.doInclude(PageContextImpl.java:907)
	at index_cfm$cf$8v.call(/index.cfm:18)
	at lucee.runtime.PageContextImpl._doInclude(PageContextImpl.java:1034)
	at lucee.runtime.PageContextImpl._doInclude(PageContextImpl.java:926)
	at lucee.runtime.PageContextImpl.doInclude(PageContextImpl.java:907)
	at login_cfm$cf$8w.call(/login.cfm:1)
	at lucee.runtime.PageContextImpl._doInclude(PageContextImpl.java:1034)
	at lucee.runtime.PageContextImpl._doInclude(PageContextImpl.java:926)
	at lucee.runtime.PageContextImpl.doInclude(PageContextImpl.java:907)
	at index_cfm$cf$8v.call(/index.cfm:18)
	at lucee.runtime.PageContextImpl._doInclude(PageContextImpl.java:1034)
	at lucee.runtime.PageContextImpl._doInclude(PageContextImpl.java:926)
	at lucee.runtime.PageContextImpl.doInclude(PageContextImpl.java:907)
	at login_cfm$cf$8w.call(/login.cfm:1)
	at lucee.runtime.PageContextImpl._doInclude(PageContextImpl.java:1034)
	at lucee.runtime.PageContextImpl._doInclude(PageContextImpl.java:926)
	at lucee.runtime.PageContextImpl.doInclude(PageContextImpl.java:907)
	at index_cfm$cf$8v.call(/index.cfm:18)
	at lucee.runtime.PageContextImpl._doInclude(PageContextImpl.java:1034)
	at lucee.runtime.PageContextImpl._doInclude(PageContextImpl.java:926)
	at lucee.runtime.PageContextImpl.doInclude(PageContextImpl.java:907)
	at login_cfm$cf$8w.call(/login.cfm:1)
	at lucee.runtime.PageContextImpl._doInclude(PageContextImpl.java:1034)
	at lucee.runtime.PageContextImpl._doInclude(PageContextImpl.java:926)
	at lucee.runtime.PageContextImpl.doInclude(PageContextImpl.java:907)
	at index_cfm$cf$8v.call(/index.cfm:18)
	at lucee.runtime.PageContextImpl._doInclude(PageContextImpl.java:1034)
	at lucee.runtime.PageContextImpl._doInclude(PageContextImpl.java:926)
	at lucee.runtime.PageContextImpl.doInclude(PageContextImpl.java:907)
	at login_cfm$cf$8w.call(/login.cfm:1)
	at lucee.runtime.PageContextImpl._doInclude(PageContextImpl.java:1034)
	at lucee.runtime.PageContextImpl._doInclude(PageContextImpl.java:926)
	at lucee.runtime.PageContextImpl.doInclude(PageContextImpl.java:907)
	at index_cfm$cf$8v.call(/index.cfm:18)
	at lucee.runtime.PageContextImpl._doInclude(PageContextImpl.java:1034)
	at lucee.runtime.PageContextImpl._doInclude(PageContextImpl.java:926)
	at lucee.runtime.PageContextImpl.doInclude(PageContextImpl.java:907)
	at login_cfm$cf$8w.call(/login.cfm:1)
	at lucee.runtime.PageContextImpl._doInclude(PageContextImpl.java:1034)
	at lucee.runtime.PageContextImpl._doInclude(PageContextImpl.java:926)
	at lucee.runtime.PageContextImpl.doInclude(PageContextImpl.java:907)
	at index_cfm$cf$8v.call(/index.cfm:18)
	at lucee.runtime.PageContextImpl._doInclude(PageContextImpl.java:1034)
	at lucee.runtime.PageContextImpl._doInclude(PageContextImpl.java:926)
	at lucee.runtime.PageContextImpl.doInclude(PageContextImpl.java:907)
	at login_cfm$cf$8w.call(/login.cfm:1)
	at lucee.runtime.PageContextImpl._doInclude(PageContextImpl.java:1034)
	at lucee.runtime.PageContextImpl._doInclude(PageContextImpl.java:926)
	at lucee.runtime.PageContextImpl.doInclude(PageContextImpl.java:907)
	at index_cfm$cf$8v.call(/index.cfm:18)
	at lucee.runtime.PageContextImpl._doInclude(PageContextImpl.java:1034)
	at lucee.runtime.PageContextImpl._doInclude(PageContextImpl.java:926)
	at lucee.runtime.PageContextImpl.doInclude(PageContextImpl.java:907)
	at login_cfm$cf$8w.call(/login.cfm:1)
	at lucee.runtime.PageContextImpl._doInclude(PageContextImpl.java:1034)
	at lucee.runtime.PageContextImpl._doInclude(PageContextImpl.java:926)
	at lucee.runtime.PageContextImpl.doInclude(PageContextImpl.java:907)
	at index_cfm$cf$8v.call(/index.cfm:18)
	at lucee.runtime.PageContextImpl._doInclude(PageContextImpl.java:1034)
	at lucee.runtime.PageContextImpl._doInclude(PageContextImpl.java:926)
	at lucee.runtime.PageContextImpl.doInclude(PageContextImpl.java:907)
	at login_cfm$cf$8w.call(/login.cfm:1)
	at lucee.runtime.PageContextImpl._doInclude(PageContextImpl.java:1034)
	at lucee.runtime.PageContextImpl._doInclude(PageContextImpl.java:926)
	at lucee.runtime.PageContextImpl.doInclude(PageContextImpl.java:907)
	at index_cfm$cf$8v.call(/index.cfm:18)
	at lucee.runtime.PageContextImpl._doInclude(PageContextImpl.java:1034)
	at lucee.runtime.PageContextImpl._doInclude(PageContextImpl.java:926)
	at lucee.runtime.PageContextImpl.doInclude(PageContextImpl.java:907)
	at login_cfm$cf$8w.call(/login.cfm:1)
	at lucee.runtime.PageContextImpl._doInclude(PageContextImpl.java:1034)
	at lucee.runtime.PageContextImpl._doInclude(PageContextImpl.java:926)
	at lucee.runtime.PageContextImpl.doInclude(PageContextImpl.java:907)
	at index_cfm$cf$8v.call(/index.cfm:18)
	at lucee.runtime.PageContextImpl._doInclude(PageContextImpl.java:1034)
	at lucee.runtime.PageContextImpl._doInclude(PageContextImpl.java:926)
	at lucee.runtime.PageContextImpl.doInclude(PageContextImpl.java:907)
	at login_cfm$cf$8w.call(/login.cfm:1)
	at lucee.runtime.PageContextImpl._doInclude(PageContextImpl.java:1034)
	at lucee.runtime.PageContextImpl._doInclude(PageContextImpl.java:926)
	at lucee.runtime.PageContextImpl.doInclude(PageContextImpl.java:907)
	at index_cfm$cf$8v.call(/index.cfm:18)
	at lucee.runtime.PageContextImpl._doInclude(PageContextImpl.java:1034)
	at lucee.runtime.PageContextImpl._doInclude(PageContextImpl.java:926)
	at lucee.runtime.PageContextImpl.doInclude(PageContextImpl.java:907)
	at login_cfm$cf$8w.call(/login.cfm:1)
	at lucee.runtime.PageContextImpl._doInclude(PageContextImpl.java:1034)
	at lucee.runtime.PageContextImpl._doInclude(PageContextImpl.java:926)
	at lucee.runtime.PageContextImpl.doInclude(PageContextImpl.java:907)
	at index_cfm$cf$8v.call(/index.cfm:18)
	at lucee.runtime.PageContextImpl._doInclude(PageContextImpl.java:1034)
	at lucee.runtime.PageContextImpl._doInclude(PageContextImpl.java:926)
	at lucee.runtime.PageContextImpl.doInclude(PageContextImpl.java:907)
	at login_cfm$cf$8w.call(/login.cfm:1)
	at lucee.runtime.PageContextImpl._doInclude(PageContextImpl.java:1034)
	at lucee.runtime.PageContextImpl._doInclude(PageContextImpl.java:926)
	at lucee.runtime.PageContextImpl.doInclude(PageContextImpl.java:907)
	at index_cfm$cf$8v.call(/index.cfm:18)
	at lucee.runtime.PageContextImpl._doInclude(PageContextImpl.java:1034)
	at lucee.runtime.PageContextImpl._doInclude(PageContextImpl.java:926)
	at lucee.runtime.PageContextImpl.doInclude(PageContextImpl.java:907)
	at login_cfm$cf$8w.call(/login.cfm:1)
	at lucee.runtime.PageContextImpl._doInclude(PageContextImpl.java:1034)
	at lucee.runtime.PageContextImpl._doInclude(PageContextImpl.java:926)
	at lucee.runtime.PageContextImpl.doInclude(PageContextImpl.java:907)
	at index_cfm$cf$8v.call(/index.cfm:18)
	at lucee.runtime.PageContextImpl._doInclude(PageContextImpl.java:1034)
	at lucee.runtime.PageContextImpl._doInclude(PageContextImpl.java:926)
	at lucee.runtime.PageContextImpl.doInclude(PageContextImpl.java:907)
	at login_cfm$cf$8w.call(/login.cfm:1)
	at lucee.runtime.PageContextImpl._doInclude(PageContextImpl.java:1034)
	at lucee.runtime.PageContextImpl._doInclude(PageContextImpl.java:926)
	at lucee.runtime.PageContextImpl.doInclude(PageContextImpl.java:907)
	at index_cfm$cf$8v.call(/index.cfm:18)
	at lucee.runtime.PageContextImpl._doInclude(PageContextImpl.java:1034)
	at lucee.runtime.PageContextImpl._doInclude(PageContextImpl.java:926)
	at lucee.runtime.PageContextImpl.doInclude(PageContextImpl.java:907)
	at login_cfm$cf$8w.call(/login.cfm:1)
	at lucee.runtime.PageContextImpl._doInclude(PageContextImpl.java:1034)
	at lucee.runtime.PageContextImpl._doInclude(PageContextImpl.java:926)
	at lucee.runtime.PageContextImpl.doInclude(PageContextImpl.java:907)
	at index_cfm$cf$8v.call(/index.cfm:18)
	at lucee.runtime.PageContextImpl._doInclude(PageContextImpl.java:1034)
	at lucee.runtime.PageContextImpl._doInclude(PageContextImpl.java:926)
	at lucee.runtime.PageContextImpl.doInclude(PageContextImpl.java:907)
	at login_cfm$cf$8w.call(/login.cfm:1)
	at lucee.runtime.PageContextImpl._doInclude(PageContextImpl.java:1034)
	at lucee.runtime.PageContextImpl._doInclude(PageContextImpl.java:926)
	at lucee.runtime.PageContextImpl.doInclude(PageContextImpl.java:907)
	at index_cfm$cf$8v.call(/index.cfm:18)
	at lucee.runtime.PageContextImpl._doInclude(PageContextImpl.java:1034)
	at lucee.runtime.PageContextImpl._doInclude(PageContextImpl.java:926)
	at lucee.runtime.PageContextImpl.doInclude(PageContextImpl.java:907)
	at login_cfm$cf$8w.call(/login.cfm:1)
	at lucee.runtime.PageContextImpl._doInclude(PageContextImpl.java:1034)
	at lucee.runtime.PageContextImpl._doInclude(PageContextImpl.java:926)
	at lucee.runtime.PageContextImpl.doInclude(PageContextImpl.java:907)
	at index_cfm$cf$8v.call(/index.cfm:18)
	at lucee.runtime.PageContextImpl._doInclude(PageContextImpl.java:1034)
	at lucee.runtime.PageContextImpl._doInclude(PageContextImpl.java:926)
	at lucee.runtime.PageContextImpl.doInclude(PageContextImpl.java:907)
	at login_cfm$cf$8w.call(/login.cfm:1)
	at lucee.runtime.PageContextImpl._doInclude(PageContextImpl.java:1034)
	at lucee.runtime.PageContextImpl._doInclude(PageContextImpl.java:926)
	at lucee.runtime.PageContextImpl.doInclude(PageContextImpl.java:907)
	at index_cfm$cf$8v.call(/index.cfm:18)
	at lucee.runtime.PageContextImpl._doInclude(PageContextImpl.java:1034)
	at lucee.runtime.PageContextImpl._doInclude(PageContextImpl.java:926)
	at lucee.runtime.PageContextImpl.doInclude(PageContextImpl.java:907)
	at login_cfm$cf$8w.call(/login.cfm:1)
	at lucee.runtime.PageContextImpl._doInclude(PageContextImpl.java:1034)
	at lucee.runtime.PageContextImpl._doInclude(PageContextImpl.java:926)
	at lucee.runtime.PageContextImpl.doInclude(PageContextImpl.java:907)
	at index_cfm$cf$8v.call(/index.cfm:18)
	at lucee.runtime.PageContextImpl._doInclude(PageContextImpl.java:1034)
	at lucee.runtime.PageContextImpl._doInclude(PageContextImpl.java:926)
	at lucee.runtime.PageContextImpl.doInclude(PageContextImpl.java:907)
	at login_cfm$cf$8w.call(/login.cfm:1)
	at lucee.runtime.PageContextImpl._doInclude(PageContextImpl.java:1034)
	at lucee.runtime.PageContextImpl._doInclude(PageContextImpl.java:926)
	at lucee.runtime.PageContextImpl.doInclude(PageContextImpl.java:907)
	at index_cfm$cf$8v.call(/index.cfm:18)
	at lucee.runtime.PageContextImpl._doInclude(PageContextImpl.java:1034)
	at lucee.runtime.PageContextImpl._doInclude(PageContextImpl.java:926)
	at lucee.runtime.PageContextImpl.doInclude(PageContextImpl.java:907)
	at login_cfm$cf$8w.call(/login.cfm:1)
	at lucee.runtime.PageContextImpl._doInclude(PageContextImpl.java:1034)
	at lucee.runtime.PageContextImpl._doInclude(PageContextImpl.java:926)
	at lucee.runtime.PageContextImpl.doInclude(PageContextImpl.java:907)
	at index_cfm$cf$8v.call(/index.cfm:18)
	at lucee.runtime.PageContextImpl._doInclude(PageContextImpl.java:1034)
	at lucee.runtime.PageContextImpl._doInclude(PageContextImpl.java:926)
	at lucee.runtime.PageContextImpl.doInclude(PageContextImpl.java:907)
	at login_cfm$cf$8w.call(/login.cfm:1)
	at lucee.runtime.PageContextImpl._doInclude(PageContextImpl.java:1034)
	at lucee.runtime.PageContextImpl._doInclude(PageContextImpl.java:926)
	at lucee.runtime.PageContextImpl.doInclude(PageContextImpl.java:907)
	at index_cfm$cf$8v.call(/index.cfm:18)
	at lucee.runtime.PageContextImpl._doInclude(PageContextImpl.java:1034)
	at lucee.runtime.PageContextImpl._doInclude(PageContextImpl.java:926)
	at lucee.runtime.PageContextImpl.doInclude(PageContextImpl.java:907)
	at login_cfm$cf$8w.call(/login.cfm:1)
	at lucee.runtime.PageContextImpl._doInclude(PageContextImpl.java:1034)
	at lucee.runtime.PageContextImpl._doInclude(PageContextImpl.java:926)
	at lucee.runtime.PageContextImpl.doInclude(PageContextImpl.java:907)
	at index_cfm$cf$8v.call(/index.cfm:18)
	at lucee.runtime.PageContextImpl._doInclude(PageContextImpl.java:1034)
	at lucee.runtime.PageContextImpl._doInclude(PageContextImpl.java:926)
	at lucee.runtime.PageContextImpl.doInclude(PageContextImpl.java:907)
	at login_cfm$cf$8w.call(/login.cfm:1)
	at lucee.runtime.PageContextImpl._doInclude(PageContextImpl.java:1034)
	at lucee.runtime.PageContextImpl._doInclude(PageContextImpl.java:926)
	at lucee.runtime.PageContextImpl.doInclude(PageContextImpl.java:907)
	at index_cfm$cf$8v.call(/index.cfm:18)
	at lucee.runtime.PageContextImpl._doInclude(PageContextImpl.java:1034)
	at lucee.runtime.PageContextImpl._doInclude(PageContextImpl.java:926)
	at lucee.runtime.PageContextImpl.doInclude(PageContextImpl.java:907)
	at login_cfm$cf$8w.call(/login.cfm:1)
	at lucee.runtime.PageContextImpl._doInclude(PageContextImpl.java:1034)
	at lucee.runtime.PageContextImpl._doInclude(PageContextImpl.java:926)
	at lucee.runtime.PageContextImpl.doInclude(PageContextImpl.java:907)
	at index_cfm$cf$8v.call(/index.cfm:18)
	at lucee.runtime.PageContextImpl._doInclude(PageContextImpl.java:1034)
	at lucee.runtime.PageContextImpl._doInclude(PageContextImpl.java:926)
	at lucee.runtime.PageContextImpl.doInclude(PageContextImpl.java:907)
	at login_cfm$cf$8w.call(/login.cfm:1)
	at lucee.runtime.PageContextImpl._doInclude(PageContextImpl.java:1034)
	at lucee.runtime.PageContextImpl._doInclude(PageContextImpl.java:926)
	at lucee.runtime.PageContextImpl.doInclude(PageContextImpl.java:907)
	at index_cfm$cf$8v.call(/index.cfm:18)
	at lucee.runtime.PageContextImpl._doInclude(PageContextImpl.java:1034)
	at lucee.runtime.PageContextImpl._doInclude(PageContextImpl.java:926)
	at lucee.runtime.PageContextImpl.doInclude(PageContextImpl.java:907)
	at login_cfm$cf$8w.call(/login.cfm:1)
	at lucee.runtime.PageContextImpl._doInclude(PageContextImpl.java:1034)
	at lucee.runtime.PageContextImpl._doInclude(PageContextImpl.java:926)
	at lucee.runtime.PageContextImpl.doInclude(PageContextImpl.java:907)
	at index_cfm$cf$8v.call(/index.cfm:18)
	at lucee.runtime.PageContextImpl._doInclude(PageContextImpl.java:1034)
	at lucee.runtime.PageContextImpl._doInclude(PageContextImpl.java:926)
	at lucee.runtime.PageContextImpl.doInclude(PageContextImpl.java:907)
	at login_cfm$cf$8w.call(/login.cfm:1)
	at lucee.runtime.PageContextImpl._doInclude(PageContextImpl.java:1034)
	at lucee.runtime.PageContextImpl._doInclude(PageContextImpl.java:926)
	at lucee.runtime.PageContextImpl.doInclude(PageContextImpl.java:907)
	at index_cfm$cf$8v.call(/index.cfm:18)
	at lucee.runtime.PageContextImpl._doInclude(PageContextImpl.java:1034)
	at lucee.runtime.PageContextImpl._doInclude(PageContextImpl.java:926)
	at lucee.runtime.PageContextImpl.doInclude(PageContextImpl.java:907)
	at login_cfm$cf$8w.call(/login.cfm:1)
	at lucee.runtime.PageContextImpl._doInclude(PageContextImpl.java:1034)
	at lucee.runtime.PageContextImpl._doInclude(PageContextImpl.java:926)
	at lucee.runtime.PageContextImpl.doInclude(PageContextImpl.java:907)
	at index_cfm$cf$8v.call(/index.cfm:18)
	at lucee.runtime.PageContextImpl._doInclude(PageContextImpl.java:1034)
	at lucee.runtime.PageContextImpl._doInclude(PageContextImpl.java:926)
	at lucee.runtime.PageContextImpl.doInclude(PageContextImpl.java:907)
	at login_cfm$cf$8w.call(/login.cfm:1)
	at lucee.runtime.PageContextImpl._doInclude(PageContextImpl.java:1034)
	at lucee.runtime.PageContextImpl._doInclude(PageContextImpl.java:926)
	at lucee.runtime.PageContextImpl.doInclude(PageContextImpl.java:907)
	at index_cfm$cf$8v.call(/index.cfm:18)
	at lucee.runtime.PageContextImpl._doInclude(PageContextImpl.java:1034)
	at lucee.runtime.PageContextImpl._doInclude(PageContextImpl.java:926)
	at lucee.runtime.PageContextImpl.doInclude(PageContextImpl.java:907)
	at login_cfm$cf$8w.call(/login.cfm:1)
	at lucee.runtime.PageContextImpl._doInclude(PageContextImpl.java:1034)
	at lucee.runtime.PageContextImpl._doInclude(PageContextImpl.java:926)
	at lucee.runtime.PageContextImpl.doInclude(PageContextImpl.java:907)
	at index_cfm$cf$8v.call(/index.cfm:18)
	at lucee.runtime.PageContextImpl._doInclude(PageContextImpl.java:1034)
	at lucee.runtime.PageContextImpl._doInclude(PageContextImpl.java:926)
	at lucee.runtime.PageContextImpl.doInclude(PageContextImpl.java:907)
	at login_cfm$cf$8w.call(/login.cfm:1)
	at lucee.runtime.PageContextImpl._doInclude(PageContextImpl.java:1034)
	at lucee.runtime.PageContextImpl._doInclude(PageContextImpl.java:926)
	at lucee.runtime.PageContextImpl.doInclude(PageContextImpl.java:907)
	at index_cfm$cf$8v.call(/index.cfm:18)
	at lucee.runtime.PageContextImpl._doInclude(PageContextImpl.java:1034)
	at lucee.runtime.PageContextImpl._doInclude(PageContextImpl.java:926)
	at lucee.runtime.PageContextImpl.doInclude(PageContextImpl.java:907)
	at login_cfm$cf$8w.call(/login.cfm:1)
	at lucee.runtime.PageContextImpl._doInclude(PageContextImpl.java:1034)
	at lucee.runtime.PageContextImpl._doInclude(PageContextImpl.java:926)
	at lucee.runtime.PageContextImpl.doInclude(PageContextImpl.java:907)
	at index_cfm$cf$8v.call(/index.cfm:18)
	at lucee.runtime.PageContextImpl._doInclude(PageContextImpl.java:1034)
	at lucee.runtime.PageContextImpl._doInclude(PageContextImpl.java:926)
	at lucee.runtime.PageContextImpl.doInclude(PageContextImpl.java:907)
	at login_cfm$cf$8w.call(/login.cfm:1)
	at lucee.runtime.PageContextImpl._doInclude(PageContextImpl.java:1034)
	at lucee.runtime.PageContextImpl._doInclude(PageContextImpl.java:926)
	at lucee.runtime.PageContextImpl.doInclude(PageContextImpl.java:907)
	at index_cfm$cf$8v.call(/index.cfm:18)
	at lucee.runtime.PageContextImpl._doInclude(PageContextImpl.java:1034)
	at lucee.runtime.PageContextImpl._doInclude(PageContextImpl.java:926)
	at lucee.runtime.PageContextImpl.doInclude(PageContextImpl.java:907)
	at login_cfm$cf$8w.call(/login.cfm:1)
	at lucee.runtime.PageContextImpl._doInclude(PageContextImpl.java:1034)
	at lucee.runtime.PageContextImpl._doInclude(PageContextImpl.java:926)
	at lucee.runtime.PageContextImpl.doInclude(PageContextImpl.java:907)
	at index_cfm$cf$8v.call(/index.cfm:18)
	at lucee.runtime.PageContextImpl._doInclude(PageContextImpl.java:1034)
	at lucee.runtime.PageContextImpl._doInclude(PageContextImpl.java:926)
	at lucee.runtime.PageContextImpl.doInclude(PageContextImpl.java:907)
	at login_cfm$cf$8w.call(/login.cfm:1)
	at lucee.runtime.PageContextImpl._doInclude(PageContextImpl.java:1034)
	at lucee.runtime.PageContextImpl._doInclude(PageContextImpl.java:926)
	at lucee.runtime.PageContextImpl.doInclude(PageContextImpl.java:907)
	at index_cfm$cf$8v.call(/index.cfm:18)
	at lucee.runtime.PageContextImpl._doInclude(PageContextImpl.java:1034)
	at lucee.runtime.PageContextImpl._doInclude(PageContextImpl.java:926)
	at lucee.runtime.PageContextImpl.doInclude(PageContextImpl.java:907)
	at login_cfm$cf$8w.call(/login.cfm:1)
	at lucee.runtime.PageContextImpl._doInclude(PageContextImpl.java:1034)
	at lucee.runtime.PageContextImpl._doInclude(PageContextImpl.java:926)
	at lucee.runtime.PageContextImpl.doInclude(PageContextImpl.java:907)
	at index_cfm$cf$8v.call(/index.cfm:18)
	at lucee.runtime.PageContextImpl._doInclude(PageContextImpl.java:1034)
	at lucee.runtime.PageContextImpl._doInclude(PageContextImpl.java:926)
	at lucee.runtime.PageContextImpl.doInclude(PageContextImpl.java:907)
	at login_cfm$cf$8w.call(/login.cfm:1)
	at lucee.runtime.PageContextImpl._doInclude(PageContextImpl.java:1034)
	at lucee.runtime.PageContextImpl._doInclude(PageContextImpl.java:926)
	at lucee.runtime.PageContextImpl.doInclude(PageContextImpl.java:907)
	at index_cfm$cf$8v.call(/index.cfm:18)
	at lucee.runtime.PageContextImpl._doInclude(PageContextImpl.java:1034)
	at lucee.runtime.PageContextImpl._doInclude(PageContextImpl.java:926)
	at lucee.runtime.PageContextImpl.doInclude(PageContextImpl.java:907)
	at login_cfm$cf$8w.call(/login.cfm:1)
	at lucee.runtime.PageContextImpl._doInclude(PageContextImpl.java:1034)
	at lucee.runtime.PageContextImpl._doInclude(PageContextImpl.java:926)
	at lucee.runtime.PageContextImpl.doInclude(PageContextImpl.java:907)
	at index_cfm$cf$8v.call(/index.cfm:18)
	at lucee.runtime.PageContextImpl._doInclude(PageContextImpl.java:1034)
	at lucee.runtime.PageContextImpl._doInclude(PageContextImpl.java:926)
	at lucee.runtime.PageContextImpl.doInclude(PageContextImpl.java:907)
	at login_cfm$cf$8w.call(/login.cfm:1)
	at lucee.runtime.PageContextImpl._doInclude(PageContextImpl.java:1034)
	at lucee.runtime.PageContextImpl._doInclude(PageContextImpl.java:926)
	at lucee.runtime.PageContextImpl.doInclude(PageContextImpl.java:907)
	at index_cfm$cf$8v.call(/index.cfm:18)
	at lucee.runtime.PageContextImpl._doInclude(PageContextImpl.java:1034)
	at lucee.runtime.PageContextImpl._doInclude(PageContextImpl.java:926)
	at lucee.runtime.PageContextImpl.doInclude(PageContextImpl.java:907)
	at login_cfm$cf$8w.call(/login.cfm:1)
	at lucee.runtime.PageContextImpl._doInclude(PageContextImpl.java:1034)
	at lucee.runtime.PageContextImpl._doInclude(PageContextImpl.java:926)
	at lucee.runtime.PageContextImpl.doInclude(PageContextImpl.java:907)
	at index_cfm$cf$8v.call(/index.cfm:18)
	at lucee.runtime.PageContextImpl._doInclude(PageContextImpl.java:1034)
	at lucee.runtime.PageContextImpl._doInclude(PageContextImpl.java:926)
	at lucee.runtime.PageContextImpl.doInclude(PageContextImpl.java:907)
	at login_cfm$cf$8w.call(/login.cfm:1)
	at lucee.runtime.PageContextImpl._doInclude(PageContextImpl.java:1034)
	at lucee.runtime.PageContextImpl._doInclude(PageContextImpl.java:926)
	at lucee.runtime.PageContextImpl.doInclude(PageContextImpl.java:907)
Caused by: java.lang.StackOverflowError
	... 1024 more
"
