"Severity","ThreadID","Date","Time","Application","Message"
"ERROR","Thread-33","09/15/2023","10:33:48","controller","stop request (1) because run into a timeout. ATM we have 1 active request(s) and 0 active cfthreads path: D:\coldfusion\bookshop\functions\loginUser.cfm (D:\coldfusion\bookshop\components\auth.cfc).;java.lang.Throwable;java.lang.Throwable
	at java.base@11.0.11/sun.security.ssl.AlpnExtension.<clinit>(Unknown Source)
	at java.base@11.0.11/sun.security.ssl.SSLExtension.<clinit>(Unknown Source)
	at java.base@11.0.11/sun.security.ssl.SSLConfiguration.getEnabledExtensions(Unknown Source)
	at java.base@11.0.11/sun.security.ssl.ClientHello$ClientHelloKickstartProducer.produce(Unknown Source)
	at java.base@11.0.11/sun.security.ssl.SSLHandshake.kickstart(Unknown Source)
	at java.base@11.0.11/sun.security.ssl.ClientHandshakeContext.kickstart(Unknown Source)
	at java.base@11.0.11/sun.security.ssl.TransportContext.kickstart(Unknown Source)
	at java.base@11.0.11/sun.security.ssl.SSLSocketImpl.startHandshake(Unknown Source)
	at java.base@11.0.11/sun.security.ssl.SSLSocketImpl.startHandshake(Unknown Source)
	at com.mysql.cj.protocol.ExportControlled.performTlsHandshake(ExportControlled.java:336)
	at com.mysql.cj.protocol.StandardSocketFactory.performTlsHandshake(StandardSocketFactory.java:188)
	at com.mysql.cj.protocol.a.NativeSocketConnection.performTlsHandshake(NativeSocketConnection.java:99)
	at com.mysql.cj.protocol.a.NativeProtocol.negotiateSSLConnection(NativeProtocol.java:329)
	at com.mysql.cj.protocol.a.NativeAuthenticationProvider.negotiateSSLConnection(NativeAuthenticationProvider.java:777)
	at com.mysql.cj.protocol.a.NativeAuthenticationProvider.proceedHandshakeWithPluggableAuthentication(NativeAuthenticationProvider.java:486)
	at com.mysql.cj.protocol.a.NativeAuthenticationProvider.connect(NativeAuthenticationProvider.java:202)
	at com.mysql.cj.protocol.a.NativeProtocol.connect(NativeProtocol.java:1340)
	at com.mysql.cj.NativeSession.connect(NativeSession.java:157)
	at com.mysql.cj.jdbc.ConnectionImpl.connectOneTryOnly(ConnectionImpl.java:956)
	at com.mysql.cj.jdbc.ConnectionImpl.createNewIO(ConnectionImpl.java:826)
	at com.mysql.cj.jdbc.ConnectionImpl.<init>(ConnectionImpl.java:456)
	at com.mysql.cj.jdbc.ConnectionImpl.getInstance(ConnectionImpl.java:246)
	at com.mysql.cj.jdbc.NonRegisteringDriver.connect(NonRegisteringDriver.java:197)
	at lucee.runtime.db.DataSourceSupport._getConnection(DataSourceSupport.java:135)
	at lucee.runtime.db.DataSourceSupport.getConnection(DataSourceSupport.java:103)
	at lucee.runtime.db.DatasourceConnectionPool.loadDatasourceConnection(DatasourceConnectionPool.java:157)
	at lucee.runtime.db.DatasourceConnectionPool.getDatasourceConnection(DatasourceConnectionPool.java:118)
	at lucee.runtime.db.DatasourceManagerImpl.getConnection(DatasourceManagerImpl.java:76)
	at lucee.runtime.tag.Query.executeDatasoure(Query.java:1119)
	at lucee.runtime.tag.Query._doEndTag(Query.java:699)
	at lucee.runtime.tag.Query.doEndTag(Query.java:565)
	at components.auth_cfc$cf.udfCall(/components/auth.cfc:9)
	at lucee.runtime.type.UDFImpl.implementation(UDFImpl.java:106)
	at lucee.runtime.type.UDFImpl._call(UDFImpl.java:344)
	at lucee.runtime.type.UDFImpl.callWithNamedValues(UDFImpl.java:207)
	at lucee.runtime.ComponentImpl._call(ComponentImpl.java:685)
	at lucee.runtime.ComponentImpl._call(ComponentImpl.java:572)
	at lucee.runtime.ComponentImpl.callWithNamedValues(ComponentImpl.java:1925)
	at lucee.runtime.tag.Invoke.doComponent(Invoke.java:209)
	at lucee.runtime.tag.Invoke.doEndTag(Invoke.java:186)
	at functions.loginuser_cfm$cf.udfCall(/functions/loginUser.cfm:2)
	at lucee.runtime.type.UDFImpl.implementation(UDFImpl.java:106)
	at lucee.runtime.type.UDFImpl._call(UDFImpl.java:344)
	at lucee.runtime.type.UDFImpl.callWithNamedValues(UDFImpl.java:202)
	at lucee.runtime.tag.Invoke.doFunction(Invoke.java:222)
	at lucee.runtime.tag.Invoke.doEndTag(Invoke.java:194)
	at functions.loginuser_cfm$cf.call(/functions/loginUser.cfm:5)
	at lucee.runtime.PageContextImpl._doInclude(PageContextImpl.java:1034)
	at lucee.runtime.PageContextImpl._doInclude(PageContextImpl.java:926)
	at lucee.runtime.listener.ModernAppListener._onRequest(ModernAppListener.java:217)
	at lucee.runtime.listener.MixedAppListener.onRequest(MixedAppListener.java:44)
	at lucee.runtime.PageContextImpl.execute(PageContextImpl.java:2460)
	at lucee.runtime.PageContextImpl._execute(PageContextImpl.java:2450)
	at lucee.runtime.PageContextImpl.executeCFML(PageContextImpl.java:2421)
	at lucee.runtime.engine.Request.exe(Request.java:45)
	at lucee.runtime.engine.CFMLEngineImpl._service(CFMLEngineImpl.java:1179)
	at lucee.runtime.engine.CFMLEngineImpl.serviceCFML(CFMLEngineImpl.java:1125)
	at lucee.loader.engine.CFMLEngineWrapper.serviceCFML(CFMLEngineWrapper.java:97)
	at lucee.loader.servlet.CFMLServlet.service(CFMLServlet.java:51)
..."
